[20:06:57] [Server thread/INFO]: Starting minecraft server version 1.10.2
[20:06:57] [Server thread/INFO]: Loading properties
[20:06:57] [Server thread/INFO]: Default game type: SURVIVAL
[20:06:57] [Server thread/INFO]: This server is running CraftBukkit version git-Spigot-570526c-c1b529e (MC: 1.10.2) (Implementing API version 1.10.2-R0.1-SNAPSHOT)
[20:06:57] [Server thread/INFO]: Debug logging is disabled
[20:06:57] [Server thread/INFO]: Using 4 threads for Netty based IO
[20:06:57] [Server thread/INFO]: Server Ping Player Sample Count: 12
[20:06:57] [Server thread/INFO]: Generating keypair
[20:06:57] [Server thread/INFO]: Starting Minecraft server on *:25565
[20:06:57] [Server thread/INFO]: Using default channel type
[20:06:58] [Server thread/INFO]: Set PluginClassLoader as parallel capable
[20:06:58] [Server thread/INFO]: [dynmap] Loading dynmap v2.3-1142
[20:06:58] [Server thread/INFO]: [dynmap] version=git-Spigot-570526c-c1b529e (MC: 1.10.2)
[20:06:58] [Server thread/INFO]: [dynmap] Mod Support API available
[20:06:58] [Server thread/INFO]: **** Beginning UUID conversion, this may take A LONG time ****
[20:06:58] [Server thread/INFO]: Preparing level "world"
[20:06:58] [Server thread/INFO]: -------- World Settings For [world] --------
[20:06:58] [Server thread/INFO]: Item Despawn Rate: 6000
[20:06:58] [Server thread/INFO]: Item Merge Radius: 2.5
[20:06:58] [Server thread/INFO]: Arrow Despawn Rate: 1200
[20:06:58] [Server thread/INFO]: Zombie Aggressive Towards Villager: true
[20:06:58] [Server thread/INFO]: Max Entity Collisions: 8
[20:06:58] [Server thread/INFO]: Custom Map Seeds:  Village: 10387312 Feature: 14357617
[20:06:58] [Server thread/INFO]: Allow Zombie Pigmen to spawn from portal blocks: true
[20:06:58] [Server thread/INFO]: View Distance: 10
[20:06:58] [Server thread/INFO]: Experience Merge Radius: 3.0
[20:06:58] [Server thread/INFO]: Nerfing mobs spawned from spawners: false
[20:06:58] [Server thread/INFO]: Mob Spawn Range: 4
[20:06:58] [Server thread/INFO]: Cactus Growth Modifier: 100%
[20:06:58] [Server thread/INFO]: Cane Growth Modifier: 100%
[20:06:58] [Server thread/INFO]: Melon Growth Modifier: 100%
[20:06:58] [Server thread/INFO]: Mushroom Growth Modifier: 100%
[20:06:58] [Server thread/INFO]: Pumpkin Growth Modifier: 100%
[20:06:58] [Server thread/INFO]: Sapling Growth Modifier: 100%
[20:06:58] [Server thread/INFO]: Wheat Growth Modifier: 100%
[20:06:58] [Server thread/INFO]: NetherWart Growth Modifier: 100%
[20:06:58] [Server thread/INFO]: Vine Growth Modifier: 100%
[20:06:58] [Server thread/INFO]: Cocoa Growth Modifier: 100%
[20:06:58] [Server thread/INFO]: Entity Tracking Range: Pl 48 / An 48 / Mo 48 / Mi 32 / Other 64
[20:06:58] [Server thread/INFO]: Entity Activation Range: An 32 / Mo 32 / Mi 16
[20:06:58] [Server thread/INFO]: Hopper Transfer: 8 Hopper Check: 8 Hopper Amount: 1
[20:06:58] [Server thread/INFO]: Random Lighting Updates: false
[20:06:58] [Server thread/INFO]: Structure Info Saving: true
[20:06:58] [Server thread/INFO]: Max TNT Explosions: 100
[20:06:58] [Server thread/INFO]: Tile Max Tick Time: 50ms Entity max Tick Time: 50ms
[20:06:58] [Server thread/INFO]: -------- World Settings For [world_nether] --------
[20:06:58] [Server thread/INFO]: Item Despawn Rate: 6000
[20:06:58] [Server thread/INFO]: Item Merge Radius: 2.5
[20:06:58] [Server thread/INFO]: Arrow Despawn Rate: 1200
[20:06:58] [Server thread/INFO]: Zombie Aggressive Towards Villager: true
[20:06:58] [Server thread/INFO]: Max Entity Collisions: 8
[20:06:58] [Server thread/INFO]: Custom Map Seeds:  Village: 10387312 Feature: 14357617
[20:06:58] [Server thread/INFO]: Allow Zombie Pigmen to spawn from portal blocks: true
[20:06:58] [Server thread/INFO]: View Distance: 10
[20:06:58] [Server thread/INFO]: Experience Merge Radius: 3.0
[20:06:58] [Server thread/INFO]: Nerfing mobs spawned from spawners: false
[20:06:58] [Server thread/INFO]: Mob Spawn Range: 4
[20:06:58] [Server thread/INFO]: Cactus Growth Modifier: 100%
[20:06:58] [Server thread/INFO]: Cane Growth Modifier: 100%
[20:06:58] [Server thread/INFO]: Melon Growth Modifier: 100%
[20:06:58] [Server thread/INFO]: Mushroom Growth Modifier: 100%
[20:06:58] [Server thread/INFO]: Pumpkin Growth Modifier: 100%
[20:06:58] [Server thread/INFO]: Sapling Growth Modifier: 100%
[20:06:58] [Server thread/INFO]: Wheat Growth Modifier: 100%
[20:06:58] [Server thread/INFO]: NetherWart Growth Modifier: 100%
[20:06:58] [Server thread/INFO]: Vine Growth Modifier: 100%
[20:06:58] [Server thread/INFO]: Cocoa Growth Modifier: 100%
[20:06:58] [Server thread/INFO]: Entity Tracking Range: Pl 48 / An 48 / Mo 48 / Mi 32 / Other 64
[20:06:58] [Server thread/INFO]: Entity Activation Range: An 32 / Mo 32 / Mi 16
[20:06:58] [Server thread/INFO]: Hopper Transfer: 8 Hopper Check: 8 Hopper Amount: 1
[20:06:58] [Server thread/INFO]: Random Lighting Updates: false
[20:06:58] [Server thread/INFO]: Structure Info Saving: true
[20:06:58] [Server thread/INFO]: Max TNT Explosions: 100
[20:06:58] [Server thread/INFO]: Tile Max Tick Time: 50ms Entity max Tick Time: 50ms
[20:06:58] [Server thread/INFO]: -------- World Settings For [world_the_end] --------
[20:06:58] [Server thread/INFO]: Item Despawn Rate: 6000
[20:06:58] [Server thread/INFO]: Item Merge Radius: 2.5
[20:06:58] [Server thread/INFO]: Arrow Despawn Rate: 1200
[20:06:58] [Server thread/INFO]: Zombie Aggressive Towards Villager: true
[20:06:58] [Server thread/INFO]: Max Entity Collisions: 8
[20:06:58] [Server thread/INFO]: Custom Map Seeds:  Village: 10387312 Feature: 14357617
[20:06:58] [Server thread/INFO]: Allow Zombie Pigmen to spawn from portal blocks: true
[20:06:58] [Server thread/INFO]: View Distance: 10
[20:06:58] [Server thread/INFO]: Experience Merge Radius: 3.0
[20:06:58] [Server thread/INFO]: Nerfing mobs spawned from spawners: false
[20:06:58] [Server thread/INFO]: Mob Spawn Range: 4
[20:06:58] [Server thread/INFO]: Cactus Growth Modifier: 100%
[20:06:58] [Server thread/INFO]: Cane Growth Modifier: 100%
[20:06:58] [Server thread/INFO]: Melon Growth Modifier: 100%
[20:06:58] [Server thread/INFO]: Mushroom Growth Modifier: 100%
[20:06:58] [Server thread/INFO]: Pumpkin Growth Modifier: 100%
[20:06:58] [Server thread/INFO]: Sapling Growth Modifier: 100%
[20:06:58] [Server thread/INFO]: Wheat Growth Modifier: 100%
[20:06:58] [Server thread/INFO]: NetherWart Growth Modifier: 100%
[20:06:58] [Server thread/INFO]: Vine Growth Modifier: 100%
[20:06:58] [Server thread/INFO]: Cocoa Growth Modifier: 100%
[20:06:58] [Server thread/INFO]: Entity Tracking Range: Pl 48 / An 48 / Mo 48 / Mi 32 / Other 64
[20:06:58] [Server thread/INFO]: Entity Activation Range: An 32 / Mo 32 / Mi 16
[20:06:58] [Server thread/INFO]: Hopper Transfer: 8 Hopper Check: 8 Hopper Amount: 1
[20:06:58] [Server thread/INFO]: Random Lighting Updates: false
[20:06:58] [Server thread/INFO]: Structure Info Saving: true
[20:06:58] [Server thread/INFO]: Max TNT Explosions: 100
[20:06:58] [Server thread/INFO]: Tile Max Tick Time: 50ms Entity max Tick Time: 50ms
[20:06:58] [Server thread/INFO]: Preparing start region for level 0 (Seed: -2456426321376412881)
[20:06:59] [Server thread/INFO]: Preparing spawn area: 37%
[20:07:00] [Server thread/INFO]: Preparing start region for level 1 (Seed: -8316523345067563926)
[20:07:01] [Server thread/INFO]: Preparing spawn area: 86%
[20:07:01] [Server thread/INFO]: Preparing start region for level 2 (Seed: -8316523345067563926)
[20:07:01] [Server thread/INFO]: [dynmap] Enabling dynmap v2.3-1142
[20:07:01] [Server thread/INFO]: [dynmap] Added 1 custom biome mappings
[20:07:01] [Server thread/INFO]: [dynmap] Using Bukkit Permissions (superperms) for access control
[20:07:01] [Server thread/INFO]: [dynmap] Web interface permissions only available for online users
[20:07:02] [Server thread/INFO]: [dynmap] Mod Support processing completed
[20:07:02] [Server thread/INFO]: [dynmap] Loaded 23 shaders.
[20:07:02] [Server thread/INFO]: [dynmap] Loaded 82 perspectives.
[20:07:02] [Server thread/INFO]: [dynmap] Loaded 14 lightings.
[20:07:02] [Server thread/INFO]: [dynmap] Web server started on address 0.0.0.0:8123
[20:07:02] [Server thread/INFO]: [dynmap] version 2.3-1142 is enabled - core version 2.3-2074
[20:07:02] [Server thread/INFO]: [dynmap] Loaded 3 maps of world 'world'.
[20:07:02] [Server thread/INFO]: [dynmap] Loaded 15 pending tile renders for world 'world'
[20:07:02] [Server thread/INFO]: [dynmap] Loaded 2 maps of world 'world_nether'.
[20:07:02] [Server thread/INFO]: [dynmap] Loaded 2 maps of world 'world_the_end'.
[20:07:02] [Server thread/INFO]: [dynmap] Enabled
[20:07:02] [Server thread/INFO]: Server permissions file permissions.yml is empty, ignoring it
[20:07:02] [Server thread/INFO]: Done (4.356s)! For help, type "help" or "?"
[20:07:03] [Dynmap Render Thread/INFO]: [dynmap] Loading default resource pack
[20:07:21] [User Authenticator #1/INFO]: UUID of player ubermensch1024 is 93b16a1b-b293-490a-8a7a-48a8fbf30f12
[20:07:21] [Server thread/INFO]: ubermensch1024[/127.0.0.1:64423] logged in with entity id 305 at ([world]-194.00690450246518, 63.0, 69.31505511092342)
[20:07:31] [Server thread/INFO]: Stopping the server
[20:07:31] [Server thread/INFO]: Stopping server
[20:07:31] [Server thread/INFO]: [dynmap] Disabling dynmap v2.3-1142
[20:07:31] [Server thread/INFO]: [dynmap] Unloaded 11 components.
[20:07:31] [Server thread/INFO]: [dynmap] Stopping map renderer...
[20:07:32] [Server thread/INFO]: [dynmap] Disabled
[20:07:32] [Server thread/INFO]: Saving players
[20:07:32] [Server thread/INFO]: ubermensch1024 lost connection: Server closed
[20:07:32] [Server thread/INFO]: ubermensch1024 left the game
[20:07:32] [Server thread/INFO]: Saving worlds
[20:07:32] [Server thread/INFO]: Saving chunks for level 'world'/Overworld
[20:07:33] [Server thread/INFO]: Saving chunks for level 'world_nether'/Nether
[20:07:33] [Server thread/INFO]: Saving chunks for level 'world_the_end'/The End
